<?xml version="1.0" encoding="UTF-8"?>
<TestRun id="8aedad55-f0d3-432c-8745-2f3eb78ccb89" name="u6031204@U6031204-TPD-A 2015-07-06 15:29:03" runUser="TEN\u6031204" xmlns="http://microsoft.com/schemas/VisualStudio/TeamTest/2010">
  <TestSettings name="Default Test Settings" id="d90108b1-4cd6-4e15-bb9f-e89a085924af">
    <Execution>
      <TestTypeSpecific />
      <AgentRule name="Execution Agents">
      </AgentRule>
    </Execution>
    <Deployment runDeploymentRoot="u6031204_U6031204-TPD-A 2015-07-06 15_29_03" />
    <Properties />
  </TestSettings>
  <Times creation="2015-07-06T15:29:03.0710603-05:00" queuing="2015-07-06T15:29:03.3320641-05:00" start="2015-07-06T15:29:03.4210641-05:00" finish="2015-07-06T15:29:19.4440975-05:00" />
  <ResultSummary outcome="Failed">
    <Counters total="2" executed="2" passed="1" error="0" failed="1" timeout="0" aborted="0" inconclusive="0" passedButRunAborted="0" notRunnable="0" notExecuted="0" disconnected="0" warning="0" completed="0" inProgress="0" pending="0" />
  </ResultSummary>
  <TestDefinitions>
    <UnitTest name="TestMethod1" storage=".\unittestproject1\bin\release\unittestproject1.dll" id="5b688acc-bf10-4c7e-4b60-69d8596bdd90">
      <Execution id="f4422e1f-75fc-4b07-a435-7e36f6013100" />
      <TestMethod codeBase="C:/Users/U6031204/Documents/Visual Studio 2013/Projects/UnitTestProject1/UnitTestProject1/bin/Release/UnitTestProject1.DLL" adapterTypeName="Microsoft.VisualStudio.TestTools.TestTypes.Unit.UnitTestAdapter, Microsoft.VisualStudio.QualityTools.Tips.UnitTest.Adapter, Version=12.0.0.0, Culture=neutral, PublicKeyToken=b03f5f7f11d50a3a" className="UnitTestProject1.UnitTest1, UnitTestProject1, Version=1.0.0.0, Culture=neutral, PublicKeyToken=null" name="TestMethod1" />
    </UnitTest>
    <UnitTest name="TestMethod2" storage=".\unittestproject1\bin\release\unittestproject1.dll" id="188858a4-7619-1290-c8c7-d24c31228c6f">
      <Execution id="abecb5f5-8349-4e38-9dd7-51261908ac53" />
      <TestMethod codeBase="C:/Users/U6031204/Documents/Visual Studio 2013/Projects/UnitTestProject1/UnitTestProject1/bin/Release/UnitTestProject1.DLL" adapterTypeName="Microsoft.VisualStudio.TestTools.TestTypes.Unit.UnitTestAdapter, Microsoft.VisualStudio.QualityTools.Tips.UnitTest.Adapter, Version=12.0.0.0, Culture=neutral, PublicKeyToken=b03f5f7f11d50a3a" className="UnitTestProject1.UnitTest1, UnitTestProject1, Version=1.0.0.0, Culture=neutral, PublicKeyToken=null" name="TestMethod2" />
    </UnitTest>
  </TestDefinitions>
  <TestLists>
    <TestList name="Results Not in a List" id="8c84fa94-04c1-424b-9868-57a2d4851a1d" />
    <TestList name="All Loaded Results" id="19431567-8539-422a-85d7-44ee4e166bda" />
  </TestLists>
  <TestEntries>
    <TestEntry testId="5b688acc-bf10-4c7e-4b60-69d8596bdd90" executionId="f4422e1f-75fc-4b07-a435-7e36f6013100" testListId="8c84fa94-04c1-424b-9868-57a2d4851a1d" />
    <TestEntry testId="188858a4-7619-1290-c8c7-d24c31228c6f" executionId="abecb5f5-8349-4e38-9dd7-51261908ac53" testListId="8c84fa94-04c1-424b-9868-57a2d4851a1d" />
  </TestEntries>
  <Results>
    <UnitTestResult executionId="f4422e1f-75fc-4b07-a435-7e36f6013100" testId="5b688acc-bf10-4c7e-4b60-69d8596bdd90" testName="TestMethod1" computerName="U6031204-TPD-A" duration="00:00:09.7834325" startTime="2015-07-06T15:29:03.4410641-05:00" endTime="2015-07-06T15:29:13.3636895-05:00" testType="13cdc9d9-ddb5-4fa4-a97d-d965ccfc6d4b" outcome="Passed" testListId="8c84fa94-04c1-424b-9868-57a2d4851a1d" relativeResultsDirectory="f4422e1f-75fc-4b07-a435-7e36f6013100">
    </UnitTestResult>
    <UnitTestResult executionId="abecb5f5-8349-4e38-9dd7-51261908ac53" testId="188858a4-7619-1290-c8c7-d24c31228c6f" testName="TestMethod2" computerName="U6031204-TPD-A" duration="00:00:06.0433141" startTime="2015-07-06T15:29:13.3646896-05:00" endTime="2015-07-06T15:29:19.4100941-05:00" testType="13cdc9d9-ddb5-4fa4-a97d-d965ccfc6d4b" outcome="Failed" testListId="8c84fa94-04c1-424b-9868-57a2d4851a1d" relativeResultsDirectory="abecb5f5-8349-4e38-9dd7-51261908ac53">
      <Output>
        <ErrorInfo>
          <Message>Test method UnitTestProject1.UnitTest1.TestMethod2 threw exception: 
System.NullReferenceException: Object reference not set to an instance of an object.</Message>
          <StackTrace>    at UnitTestProject1.UnitTest1.TestMethod2() in c:\Users\U6031204\Documents\Visual Studio 2013\Projects\UnitTestProject1\UnitTestProject1\UnitTest1.cs:line 52
</StackTrace>
        </ErrorInfo>
      </Output>
    </UnitTestResult>
  </Results>
</TestRun>