<?xml version="1.0" encoding="UTF-8"?>
<TestRun id="798232e7-e459-4583-a4cf-91a0c613ae30" name="u6031204@U6031204-TPD-A 2015-07-06 15:20:43" runUser="TEN\u6031204" xmlns="http://microsoft.com/schemas/VisualStudio/TeamTest/2010">
  <TestSettings name="Default Test Settings" id="b34ef5cb-edf1-4dcd-96a5-b8f63e42aea3">
    <Execution>
      <TestTypeSpecific />
      <AgentRule name="Execution Agents">
      </AgentRule>
    </Execution>
    <Deployment runDeploymentRoot="u6031204_U6031204-TPD-A 2015-07-06 15_20_43" />
    <Properties />
  </TestSettings>
  <Times creation="2015-07-06T15:20:43.5531110-05:00" queuing="2015-07-06T15:20:43.8181375-05:00" start="2015-07-06T15:20:43.9141471-05:00" finish="2015-07-06T15:20:58.0220659-05:00" />
  <ResultSummary outcome="Failed">
    <Counters total="2" executed="2" passed="1" error="0" failed="1" timeout="0" aborted="0" inconclusive="0" passedButRunAborted="0" notRunnable="0" notExecuted="0" disconnected="0" warning="0" completed="0" inProgress="0" pending="0" />
  </ResultSummary>
  <TestDefinitions>
    <UnitTest name="TestMethod1" storage=".\unittestproject1\bin\release\unittestproject1.dll" id="5b688acc-bf10-4c7e-4b60-69d8596bdd90">
      <Execution id="72946f74-c39f-4bf1-a30d-6d695dcfac42" />
      <TestMethod codeBase="C:/Users/U6031204/Documents/Visual Studio 2013/Projects/UnitTestProject1/UnitTestProject1/bin/Release/UnitTestProject1.DLL" adapterTypeName="Microsoft.VisualStudio.TestTools.TestTypes.Unit.UnitTestAdapter, Microsoft.VisualStudio.QualityTools.Tips.UnitTest.Adapter, Version=12.0.0.0, Culture=neutral, PublicKeyToken=b03f5f7f11d50a3a" className="UnitTestProject1.UnitTest1, UnitTestProject1, Version=1.0.0.0, Culture=neutral, PublicKeyToken=null" name="TestMethod1" />
    </UnitTest>
    <UnitTest name="TestMethod2" storage=".\unittestproject1\bin\release\unittestproject1.dll" id="188858a4-7619-1290-c8c7-d24c31228c6f">
      <Execution id="9964e2f1-4153-4fdb-8482-a19d5980e223" />
      <TestMethod codeBase="C:/Users/U6031204/Documents/Visual Studio 2013/Projects/UnitTestProject1/UnitTestProject1/bin/Release/UnitTestProject1.DLL" adapterTypeName="Microsoft.VisualStudio.TestTools.TestTypes.Unit.UnitTestAdapter, Microsoft.VisualStudio.QualityTools.Tips.UnitTest.Adapter, Version=12.0.0.0, Culture=neutral, PublicKeyToken=b03f5f7f11d50a3a" className="UnitTestProject1.UnitTest1, UnitTestProject1, Version=1.0.0.0, Culture=neutral, PublicKeyToken=null" name="TestMethod2" />
    </UnitTest>
  </TestDefinitions>
  <TestLists>
    <TestList name="Results Not in a List" id="8c84fa94-04c1-424b-9868-57a2d4851a1d" />
    <TestList name="All Loaded Results" id="19431567-8539-422a-85d7-44ee4e166bda" />
  </TestLists>
  <TestEntries>
    <TestEntry testId="5b688acc-bf10-4c7e-4b60-69d8596bdd90" executionId="72946f74-c39f-4bf1-a30d-6d695dcfac42" testListId="8c84fa94-04c1-424b-9868-57a2d4851a1d" />
    <TestEntry testId="188858a4-7619-1290-c8c7-d24c31228c6f" executionId="9964e2f1-4153-4fdb-8482-a19d5980e223" testListId="8c84fa94-04c1-424b-9868-57a2d4851a1d" />
  </TestEntries>
  <Results>
    <UnitTestResult executionId="72946f74-c39f-4bf1-a30d-6d695dcfac42" testId="5b688acc-bf10-4c7e-4b60-69d8596bdd90" testName="TestMethod1" computerName="U6031204-TPD-A" duration="00:00:07.8617703" startTime="2015-07-06T15:20:43.9341491-05:00" endTime="2015-07-06T15:20:51.9376660-05:00" testType="13cdc9d9-ddb5-4fa4-a97d-d965ccfc6d4b" outcome="Passed" testListId="8c84fa94-04c1-424b-9868-57a2d4851a1d" relativeResultsDirectory="72946f74-c39f-4bf1-a30d-6d695dcfac42">
    </UnitTestResult>
    <UnitTestResult executionId="9964e2f1-4153-4fdb-8482-a19d5980e223" testId="188858a4-7619-1290-c8c7-d24c31228c6f" testName="TestMethod2" computerName="U6031204-TPD-A" duration="00:00:06.0352751" startTime="2015-07-06T15:20:51.9386660-05:00" endTime="2015-07-06T15:20:57.9760659-05:00" testType="13cdc9d9-ddb5-4fa4-a97d-d965ccfc6d4b" outcome="Failed" testListId="8c84fa94-04c1-424b-9868-57a2d4851a1d" relativeResultsDirectory="9964e2f1-4153-4fdb-8482-a19d5980e223">
      <Output>
        <ErrorInfo>
          <Message>Test method UnitTestProject1.UnitTest1.TestMethod2 threw exception: 
System.NullReferenceException: Object reference not set to an instance of an object.</Message>
          <StackTrace>    at UnitTestProject1.UnitTest1.TestMethod2() in c:\Users\U6031204\Documents\Visual Studio 2013\Projects\UnitTestProject1\UnitTestProject1\UnitTest1.cs:line 52
</StackTrace>
        </ErrorInfo>
      </Output>
    </UnitTestResult>
  </Results>
</TestRun>