<?xml version="1.0" encoding="UTF-8"?>
<TestRun id="703c8bc5-72c2-456b-b322-d25852e839d6" name="u6031204@U6031204-TPD-A 2015-07-09 16:09:29" runUser="TEN\u6031204" xmlns="http://microsoft.com/schemas/VisualStudio/TeamTest/2010">
  <TestSettings name="Default Test Settings" id="1673ee6b-35bb-4df3-8d4c-87040cccf23a">
    <Execution>
      <TestTypeSpecific />
      <AgentRule name="Execution Agents">
      </AgentRule>
    </Execution>
    <Deployment runDeploymentRoot="u6031204_U6031204-TPD-A 2015-07-09 16_09_29" />
    <Properties />
  </TestSettings>
  <Times creation="2015-07-09T16:09:29.8956751-05:00" queuing="2015-07-09T16:09:30.1396995-05:00" start="2015-07-09T16:09:30.2287084-05:00" finish="2015-07-09T16:09:47.2318086-05:00" />
  <ResultSummary outcome="Failed">
    <Counters total="2" executed="2" error="0" failed="2" timeout="0" aborted="0" inconclusive="0" passedButRunAborted="0" notRunnable="0" notExecuted="0" disconnected="0" warning="0" passed="0" completed="0" inProgress="0" pending="0" />
  </ResultSummary>
  <TestDefinitions>
    <UnitTest name="TestMethod1" storage=".\unittestproject1\bin\release\unittestproject1.dll" id="5b688acc-bf10-4c7e-4b60-69d8596bdd90">
      <Execution id="f3f31221-99f4-4b70-aac7-734907ae7086" />
      <TestMethod codeBase="C:/Users/U6031204/Documents/Visual Studio 2013/Projects/UnitTestProject1/UnitTestProject1/bin/Release/UnitTestProject1.DLL" adapterTypeName="Microsoft.VisualStudio.TestTools.TestTypes.Unit.UnitTestAdapter, Microsoft.VisualStudio.QualityTools.Tips.UnitTest.Adapter, Version=12.0.0.0, Culture=neutral, PublicKeyToken=b03f5f7f11d50a3a" className="UnitTestProject1.UnitTest1, UnitTestProject1, Version=1.0.0.0, Culture=neutral, PublicKeyToken=null" name="TestMethod1" />
    </UnitTest>
    <UnitTest name="TestMethod2" storage=".\unittestproject1\bin\release\unittestproject1.dll" id="188858a4-7619-1290-c8c7-d24c31228c6f">
      <Execution id="1534559a-9e82-41c4-a96e-95b852bbed7d" />
      <TestMethod codeBase="C:/Users/U6031204/Documents/Visual Studio 2013/Projects/UnitTestProject1/UnitTestProject1/bin/Release/UnitTestProject1.DLL" adapterTypeName="Microsoft.VisualStudio.TestTools.TestTypes.Unit.UnitTestAdapter, Microsoft.VisualStudio.QualityTools.Tips.UnitTest.Adapter, Version=12.0.0.0, Culture=neutral, PublicKeyToken=b03f5f7f11d50a3a" className="UnitTestProject1.UnitTest1, UnitTestProject1, Version=1.0.0.0, Culture=neutral, PublicKeyToken=null" name="TestMethod2" />
    </UnitTest>
  </TestDefinitions>
  <TestLists>
    <TestList name="Results Not in a List" id="8c84fa94-04c1-424b-9868-57a2d4851a1d" />
    <TestList name="All Loaded Results" id="19431567-8539-422a-85d7-44ee4e166bda" />
  </TestLists>
  <TestEntries>
    <TestEntry testId="5b688acc-bf10-4c7e-4b60-69d8596bdd90" executionId="f3f31221-99f4-4b70-aac7-734907ae7086" testListId="8c84fa94-04c1-424b-9868-57a2d4851a1d" />
    <TestEntry testId="188858a4-7619-1290-c8c7-d24c31228c6f" executionId="1534559a-9e82-41c4-a96e-95b852bbed7d" testListId="8c84fa94-04c1-424b-9868-57a2d4851a1d" />
  </TestEntries>
  <Results>
    <UnitTestResult executionId="f3f31221-99f4-4b70-aac7-734907ae7086" testId="5b688acc-bf10-4c7e-4b60-69d8596bdd90" testName="TestMethod1" computerName="U6031204-TPD-A" duration="00:00:01.3904414" startTime="2015-07-09T16:09:30.2487104-05:00" endTime="2015-07-09T16:09:31.7737629-05:00" testType="13cdc9d9-ddb5-4fa4-a97d-d965ccfc6d4b" outcome="Failed" testListId="8c84fa94-04c1-424b-9868-57a2d4851a1d" relativeResultsDirectory="f3f31221-99f4-4b70-aac7-734907ae7086">
      <Output>
        <ErrorInfo>
          <Message>Test method UnitTestProject1.UnitTest1.TestMethod1 threw exception: 
System.NullReferenceException: Object reference not set to an instance of an object.</Message>
          <StackTrace>    at UnitTestProject1.UnitTest1.TestMethod1() in c:\Users\U6031204\Documents\Visual Studio 2013\Projects\UnitTestProject1\UnitTestProject1\UnitTest1.cs:line 49
</StackTrace>
        </ErrorInfo>
      </Output>
    </UnitTestResult>
    <UnitTestResult executionId="1534559a-9e82-41c4-a96e-95b852bbed7d" testId="188858a4-7619-1290-c8c7-d24c31228c6f" testName="TestMethod2" computerName="U6031204-TPD-A" duration="00:00:15.4087250" startTime="2015-07-09T16:09:31.7757631-05:00" endTime="2015-07-09T16:09:47.1868041-05:00" testType="13cdc9d9-ddb5-4fa4-a97d-d965ccfc6d4b" outcome="Failed" testListId="8c84fa94-04c1-424b-9868-57a2d4851a1d" relativeResultsDirectory="1534559a-9e82-41c4-a96e-95b852bbed7d">
      <Output>
        <ErrorInfo>
          <Message>Assert.AreEqual failed. Expected:&lt;3&gt;. Actual:&lt;2&gt;. </Message>
          <StackTrace>   at UnitTestProject1.UnitTest1.TestMethod2() in c:\Users\U6031204\Documents\Visual Studio 2013\Projects\UnitTestProject1\UnitTestProject1\UnitTest1.cs:line 73
</StackTrace>
        </ErrorInfo>
      </Output>
    </UnitTestResult>
  </Results>
</TestRun>